<?xml version="1.0" encoding="utf-8"?><testsuites><testsuite name="pytest" errors="0" failures="1" skipped="0" tests="12" time="0.083" timestamp="2024-11-02T22:53:32.353390-05:00" hostname="Danymat"><testcase classname="tests.test_calculate_total_cost" name="test_calculate_total_cost_basic_plan" time="0.001" /><testcase classname="tests.test_calculate_total_cost" name="test_calculate_total_cost_premium_with_features" time="0.000" /><testcase classname="tests.test_calculate_total_cost" name="test_group_discount_applied" time="0.000" /><testcase classname="tests.test_calculate_total_cost" name="test_special_offer_discount_over_400" time="0.001"><failure message="assert 181.125 == 131.125 ± 1.3e-04&#10;  &#10;  comparison failed&#10;  Obtained: 181.125&#10;  Expected: 131.125 ± 1.3e-04">gym_instance = &lt;gms.GymMembership object at 0x000001F53A3225D0&gt;

    def test_special_offer_discount_over_400(gym_instance):
        """Prueba para el descuento de $50 por un costo total superior a $400"""
        result = gym_instance.calculate_total_cost('Premium', ['Personal Training', 'Group Classes', 'Nutrition Plan'], 2)
        expected_cost = 100 + 30 + 20 + 25  # Base + características
        expected_cost += expected_cost * 0.15  # Recargo de Premium
        expected_cost *= 0.9  # Descuento de grupo
        expected_cost -= 50  # Descuento de $50
&gt;       assert result == pytest.approx(expected_cost)
E       assert 181.125 == 131.125 ± 1.3e-04
E         
E         comparison failed
E         Obtained: 181.125
E         Expected: 131.125 ± 1.3e-04

tests\test_calculate_total_cost.py:33: AssertionError</failure></testcase><testcase classname="tests.test_calculate_total_cost" name="test_special_offer_discount_over_200" time="0.000" /><testcase classname="tests.test_display_methods" name="test_display_membership_plans" time="0.001" /><testcase classname="tests.test_display_methods" name="test_display_additional_features" time="0.000" /><testcase classname="tests.test_membership_validation" name="test_invalid_plan" time="0.000" /><testcase classname="tests.test_membership_validation" name="test_invalid_feature_selection" time="0.000" /><testcase classname="tests.test_special_offer_discount_over_400" name="test_special_offer_discount_over_400" time="0.001" /><testcase classname="tests.test_user_interaction" name="test_confirm_membership_no_confirmation" time="0.001" /><testcase classname="tests.test_user_interaction" name="test_confirm_membership_yes_confirmation" time="0.001" /></testsuite></testsuites>